{"name": "Тест отображения номера заказа в разделе \"В работе\" после его создания", "status": "broken", "statusDetails": {"message": "selenium.common.exceptions.TimeoutException: Message:", "trace": "self = <tests.test_feed_page.TestFeedPage object at 0x000001C7C5919400>\ndriver = <selenium.webdriver.firefox.webdriver.WebDriver (session=\"ec316284-4dd5-4097-a60b-c961a7e3fd67\")>\nuser_model = {'payload': {'email': 'ikxnpr@ya.ru', 'name': 'foucrc', 'password': 'whqjjt'}, 'response_create': <Response [200]>}\n\n    @allure.title('Тест отображения номера заказа в разделе \"В работе\" после его создания')\n    def test_created_order_displayed_on_in_progress_section(self, driver, user_model):\n        \"\"\"\n        Тест падает без явных ожиданий номера заказа\n        - в окне подтверждения заказа\n        - в списке заказов которые в работе\n        \"\"\"\n        feed_page = FeedPage(driver)\n        login_page = LoginPage(driver)\n        constructor_page = ConstructorPage(driver)\n        header_page = HeaderPage(driver)\n        driver.get(TestData.BASE_URL + TestData.LOGIN_URL)\n        login_page.login_user_step(user_model['payload']['email'], user_model['payload']['password'])\n        constructor_page.move_bun_to_order()\n        constructor_page.click_on_btn_create_order()\n>       order_number_create = constructor_page.get_order_number_text_from_final()\n\ntests\\test_feed_page.py:84: \n_ _ _ _ _ _ _ _ _ _ _ _ _ _ _ _ _ _ _ _ _ _ _ _ _ _ _ _ _ _ _ _ _ _ _ _ _ _ _ _ _ _ _ _ _ _ _ _ _ _ _ _ _ _ _ _ _ _ _ _ _ _ _ _ _ _ _ _ _ _ _ _ _ _ _ _ _ _ _ _ _ _ _ _\npages\\constructor_page.py:62: in get_order_number_text_from_final\n    self.wait_for_text_not_template(ConstructorPageLocators.ORDER_NUMBER_FINAL, '9999')\npages\\base_page.py:40: in wait_for_text_not_template\n    WebDriverWait(self.driver, time).until_not(expected_conditions.text_to_be_present_in_element(locator, template))\n_ _ _ _ _ _ _ _ _ _ _ _ _ _ _ _ _ _ _ _ _ _ _ _ _ _ _ _ _ _ _ _ _ _ _ _ _ _ _ _ _ _ _ _ _ _ _ _ _ _ _ _ _ _ _ _ _ _ _ _ _ _ _ _ _ _ _ _ _ _ _ _ _ _ _ _ _ _ _ _ _ _ _ _\n\nself = <selenium.webdriver.support.wait.WebDriverWait (session=\"ec316284-4dd5-4097-a60b-c961a7e3fd67\")>\nmethod = <function text_to_be_present_in_element.<locals>._predicate at 0x000001C7C596BEC0>, message = ''\n\n    def until_not(self, method: Callable[[D], T], message: str = \"\") -> Union[T, Literal[True]]:\n        \"\"\"Calls the method provided with the driver as an argument until the \\\n        return value evaluates to ``False``.\n    \n        :param method: callable(WebDriver)\n        :param message: optional message for :exc:`TimeoutException`\n        :returns: the result of the last call to `method`, or\n                  ``True`` if `method` has raised one of the ignored exceptions\n        :raises: :exc:`selenium.common.exceptions.TimeoutException` if timeout occurs\n        \"\"\"\n        end_time = time.monotonic() + self._timeout\n        while True:\n            try:\n                value = method(self._driver)\n                if not value:\n                    return value\n            except self._ignored_exceptions:\n                return True\n            time.sleep(self._poll)\n            if time.monotonic() > end_time:\n                break\n>       raise TimeoutException(message)\nE       selenium.common.exceptions.TimeoutException: Message:\n\nC:\\Program Files\\Python312\\Lib\\site-packages\\selenium\\webdriver\\support\\wait.py:128: TimeoutException"}, "description": "\n        Тест падает без явных ожиданий номера заказа\n        - в окне подтверждения заказа\n        - в списке заказов которые в работе\n        ", "steps": [{"name": "Шаг авторизации с логином 'ikxnpr@ya.ru' и паролем 'whqjjt'", "status": "passed", "steps": [{"name": "Ввод значения в поле \"email\"", "status": "passed", "steps": [{"name": "Вводим значение в поле", "status": "passed", "steps": [{"name": "Находим элемент на странице", "status": "passed", "parameters": [{"name": "locator", "value": "('xpath', './/input[@type=\"text\"]')"}], "start": 1714328772085, "stop": 1714328772120}], "parameters": [{"name": "locator", "value": "('xpath', './/input[@type=\"text\"]')"}, {"name": "value", "value": "'ikxnpr@ya.ru'"}], "start": 1714328772085, "stop": 1714328772174}], "parameters": [{"name": "email", "value": "'ikxnpr@ya.ru'"}], "start": 1714328772085, "stop": 1714328772174}, {"name": "Ввод значения в поле \"password\"", "status": "passed", "steps": [{"name": "Вводим значение в поле", "status": "passed", "steps": [{"name": "Находим элемент на странице", "status": "passed", "parameters": [{"name": "locator", "value": "('xpath', './/input[@type=\"password\"]')"}], "start": 1714328772174, "stop": 1714328772186}], "parameters": [{"name": "locator", "value": "('xpath', './/input[@type=\"password\"]')"}, {"name": "value", "value": "'whqjjt'"}], "start": 1714328772174, "stop": 1714328772200}], "parameters": [{"name": "password", "value": "'whqjjt'"}], "start": 1714328772174, "stop": 1714328772200}, {"name": "Клик по кнопке \"Войти\"", "status": "passed", "steps": [{"name": "Кликаем по элементу", "status": "passed", "steps": [{"name": "Находим элемент на странице", "status": "passed", "parameters": [{"name": "locator", "value": "('xpath', './/button[text()=\"Войти\"]')"}], "start": 1714328772200, "stop": 1714328772211}], "parameters": [{"name": "locator", "value": "('xpath', './/button[text()=\"Войти\"]')"}], "start": 1714328772200, "stop": 1714328772443}], "start": 1714328772200, "stop": 1714328772443}], "parameters": [{"name": "email", "value": "'ikxnpr@ya.ru'"}, {"name": "password", "value": "'whqjjt'"}], "start": 1714328772085, "stop": 1714328772443}, {"name": "Перетаскивание булки в заказ", "status": "passed", "steps": [{"name": "Перетаскивание элемента из одной точки в другую", "status": "passed", "steps": [{"name": "Находим элемент на странице", "status": "passed", "parameters": [{"name": "locator", "value": "('xpath', './/a[contains(@href, \"61c0c5a71d1f82001bdaaa6d\")]')"}], "start": 1714328772443, "stop": 1714328772486}, {"name": "Находим элемент на странице", "status": "passed", "parameters": [{"name": "locator", "value": "('xpath', './/ul[contains(@class, \"BurgerConstructor_basket__list\")]')"}], "start": 1714328772486, "stop": 1714328772503}], "parameters": [{"name": "source_element", "value": "('xpath', './/a[contains(@href, \"61c0c5a71d1f82001bdaaa6d\")]')"}, {"name": "dest_element", "value": "('xpath', './/ul[contains(@class, \"BurgerConstructor_basket__list\")]')"}], "start": 1714328772443, "stop": 1714328773066}], "start": 1714328772443, "stop": 1714328773066}, {"name": "Клик по кнопке \"Оформить заказ\"", "status": "passed", "steps": [{"name": "Кликаем по элементу", "status": "passed", "steps": [{"name": "Находим элемент на странице", "status": "passed", "parameters": [{"name": "locator", "value": "('xpath', './/button[text()=\"Оформить заказ\"]')"}], "start": 1714328773066, "stop": 1714328773074}], "parameters": [{"name": "locator", "value": "('xpath', './/button[text()=\"Оформить заказ\"]')"}], "start": 1714328773066, "stop": 1714328773285}], "start": 1714328773066, "stop": 1714328773285}, {"name": "Получение номера заказа из окна подтверждения заказа", "status": "broken", "statusDetails": {"message": "selenium.common.exceptions.TimeoutException: Message: \n\n", "trace": "  File \"C:\\Users\\gnom\\AppData\\Roaming\\Python\\Python312\\site-packages\\allure_commons\\_allure.py\", line 192, in impl\n    return func(*a, **kw)\n           ^^^^^^^^^^^^^^\n  File \"D:\\dev\\Diplom_3\\pages\\constructor_page.py\", line 62, in get_order_number_text_from_final\n    self.wait_for_text_not_template(ConstructorPageLocators.ORDER_NUMBER_FINAL, '9999')\n  File \"C:\\Users\\gnom\\AppData\\Roaming\\Python\\Python312\\site-packages\\allure_commons\\_allure.py\", line 192, in impl\n    return func(*a, **kw)\n           ^^^^^^^^^^^^^^\n  File \"D:\\dev\\Diplom_3\\pages\\base_page.py\", line 40, in wait_for_text_not_template\n    WebDriverWait(self.driver, time).until_not(expected_conditions.text_to_be_present_in_element(locator, template))\n  File \"C:\\Program Files\\Python312\\Lib\\site-packages\\selenium\\webdriver\\support\\wait.py\", line 128, in until_not\n    raise TimeoutException(message)\n"}, "steps": [{"name": "Находим элемент на странице", "status": "passed", "parameters": [{"name": "locator", "value": "('xpath', './/h2[contains(@class, \"Modal_modal__title\")]')"}], "start": 1714328773286, "stop": 1714328773295}, {"name": "Ожидание пока не изменится текст в элементе", "status": "broken", "statusDetails": {"message": "selenium.common.exceptions.TimeoutException: Message: \n\n", "trace": "  File \"C:\\Users\\gnom\\AppData\\Roaming\\Python\\Python312\\site-packages\\allure_commons\\_allure.py\", line 192, in impl\n    return func(*a, **kw)\n           ^^^^^^^^^^^^^^\n  File \"D:\\dev\\Diplom_3\\pages\\base_page.py\", line 40, in wait_for_text_not_template\n    WebDriverWait(self.driver, time).until_not(expected_conditions.text_to_be_present_in_element(locator, template))\n  File \"C:\\Program Files\\Python312\\Lib\\site-packages\\selenium\\webdriver\\support\\wait.py\", line 128, in until_not\n    raise TimeoutException(message)\n"}, "parameters": [{"name": "locator", "value": "('xpath', './/h2[contains(@class, \"Modal_modal__title\")]')"}, {"name": "template", "value": "'9999'"}, {"name": "time", "value": "10"}], "start": 1714328773295, "stop": 1714328783498}], "start": 1714328773285, "stop": 1714328783498}], "parameters": [{"name": "driver", "value": "'firefox'"}], "start": 1714328771160, "stop": 1714328783499, "uuid": "1f02cb25-cd32-4884-bfdf-9d18bf3ee21a", "historyId": "30eeadfbb8db2199abfb1818fa2ffbee", "testCaseId": "833c059deba75d56e69fcabd18ba96f4", "fullName": "tests.test_feed_page.TestFeedPage#test_created_order_displayed_on_in_progress_section", "labels": [{"name": "parentSuite", "value": "tests"}, {"name": "suite", "value": "test_feed_page"}, {"name": "subSuite", "value": "TestFeedPage"}, {"name": "host", "value": "WIN-VD1QDI3F4U5"}, {"name": "thread", "value": "12972-MainThread"}, {"name": "framework", "value": "pytest"}, {"name": "language", "value": "cpython3"}, {"name": "package", "value": "tests.test_feed_page"}]}