{"name": "Тест перехода в личный кабинет по кнопке \"Личный кабинет\"", "status": "broken", "statusDetails": {"message": "selenium.common.exceptions.ElementClickInterceptedException: Message: Element <p class=\"AppHeader_header__linkText__3q_va ml-2\"> is not clickable at point (1184,44) because another element <div class=\"Modal_modal_overlay__x2ZCr\"> obscures it\nStacktrace:\nRemoteError@chrome://remote/content/shared/RemoteError.sys.mjs:8:8\nWebDriverError@chrome://remote/content/shared/webdriver/Errors.sys.mjs:193:5\nElementClickInterceptedError@chrome://remote/content/shared/webdriver/Errors.sys.mjs:337:5\nwebdriverClickElement@chrome://remote/content/marionette/interaction.sys.mjs:176:11\ninteraction.clickElement@chrome://remote/content/marionette/interaction.sys.mjs:135:11\nclickElement@chrome://remote/content/marionette/actors/MarionetteCommandsChild.sys.mjs:204:29\nreceiveMessage@chrome://remote/content/marionette/actors/MarionetteCommandsChild.sys.mjs:84:31", "trace": "self = <tests.test_header_page.TestHeaderPage object at 0x000001C7C591AC90>\ndriver = <selenium.webdriver.firefox.webdriver.WebDriver (session=\"4b5be208-7b25-47d0-a53d-2da40ce3473f\")>\nuser_model = {'payload': {'email': 'bexlst@ya.ru', 'name': 'jmdlop', 'password': 'aqnkyc'}, 'response_create': <Response [200]>}\n\n    @allure.title('Тест перехода в личный кабинет по кнопке \"Личный кабинет\"')\n    def test_click_on_btn_account_redirects_to_personal_account(self, driver, user_model):\n        header_page = HeaderPage(driver)\n        account_page = AccountPage(driver)\n        login_page = LoginPage(driver)\n        driver.get(TestData.BASE_URL + TestData.LOGIN_URL)\n        login_page.login_user_step(user_model['payload']['email'], user_model['payload']['password'])\n>       header_page.click_on_btn_personal_account()\n\ntests\\test_header_page.py:20: \n_ _ _ _ _ _ _ _ _ _ _ _ _ _ _ _ _ _ _ _ _ _ _ _ _ _ _ _ _ _ _ _ _ _ _ _ _ _ _ _ _ _ _ _ _ _ _ _ _ _ _ _ _ _ _ _ _ _ _ _ _ _ _ _ _ _ _ _ _ _ _ _ _ _ _ _ _ _ _ _ _ _ _ _\npages\\header_page.py:10: in click_on_btn_personal_account\n    self.click_on_element(HeaderPageLocators.BTN_PERSONAL_ACCOUNT)\npages\\base_page.py:18: in click_on_element\n    self.find_element_with_wait(locator).click()\nC:\\Program Files\\Python312\\Lib\\site-packages\\selenium\\webdriver\\remote\\webelement.py:94: in click\n    self._execute(Command.CLICK_ELEMENT)\nC:\\Program Files\\Python312\\Lib\\site-packages\\selenium\\webdriver\\remote\\webelement.py:395: in _execute\n    return self._parent.execute(command, params)\nC:\\Program Files\\Python312\\Lib\\site-packages\\selenium\\webdriver\\remote\\webdriver.py:347: in execute\n    self.error_handler.check_response(response)\n_ _ _ _ _ _ _ _ _ _ _ _ _ _ _ _ _ _ _ _ _ _ _ _ _ _ _ _ _ _ _ _ _ _ _ _ _ _ _ _ _ _ _ _ _ _ _ _ _ _ _ _ _ _ _ _ _ _ _ _ _ _ _ _ _ _ _ _ _ _ _ _ _ _ _ _ _ _ _ _ _ _ _ _\n\nself = <selenium.webdriver.remote.errorhandler.ErrorHandler object at 0x000001C7C5D844D0>\nresponse = {'status': 400, 'value': '{\"value\":{\"error\":\"element click intercepted\",\"message\":\"Element <p class=\\\\\"AppHeader_heade...sys.mjs:204:29\\\\nreceiveMessage@chrome://remote/content/marionette/actors/MarionetteCommandsChild.sys.mjs:84:31\\\\n\"}}'}\n\n    def check_response(self, response: Dict[str, Any]) -> None:\n        \"\"\"Checks that a JSON response from the WebDriver does not have an\n        error.\n    \n        :Args:\n         - response - The JSON response from the WebDriver server as a dictionary\n           object.\n    \n        :Raises: If the response contains an error message.\n        \"\"\"\n        status = response.get(\"status\", None)\n        if not status or status == ErrorCode.SUCCESS:\n            return\n        value = None\n        message = response.get(\"message\", \"\")\n        screen: str = response.get(\"screen\", \"\")\n        stacktrace = None\n        if isinstance(status, int):\n            value_json = response.get(\"value\", None)\n            if value_json and isinstance(value_json, str):\n                import json\n    \n                try:\n                    value = json.loads(value_json)\n                    if len(value) == 1:\n                        value = value[\"value\"]\n                    status = value.get(\"error\", None)\n                    if not status:\n                        status = value.get(\"status\", ErrorCode.UNKNOWN_ERROR)\n                        message = value.get(\"value\") or value.get(\"message\")\n                        if not isinstance(message, str):\n                            value = message\n                            message = message.get(\"message\")\n                    else:\n                        message = value.get(\"message\", None)\n                except ValueError:\n                    pass\n    \n        exception_class: Type[WebDriverException]\n        e = ErrorCode()\n        error_codes = [item for item in dir(e) if not item.startswith(\"__\")]\n        for error_code in error_codes:\n            error_info = getattr(ErrorCode, error_code)\n            if isinstance(error_info, list) and status in error_info:\n                exception_class = getattr(ExceptionMapping, error_code, WebDriverException)\n                break\n        else:\n            exception_class = WebDriverException\n    \n        if not value:\n            value = response[\"value\"]\n        if isinstance(value, str):\n            raise exception_class(value)\n        if message == \"\" and \"message\" in value:\n            message = value[\"message\"]\n    \n        screen = None  # type: ignore[assignment]\n        if \"screen\" in value:\n            screen = value[\"screen\"]\n    \n        stacktrace = None\n        st_value = value.get(\"stackTrace\") or value.get(\"stacktrace\")\n        if st_value:\n            if isinstance(st_value, str):\n                stacktrace = st_value.split(\"\\n\")\n            else:\n                stacktrace = []\n                try:\n                    for frame in st_value:\n                        line = frame.get(\"lineNumber\", \"\")\n                        file = frame.get(\"fileName\", \"<anonymous>\")\n                        if line:\n                            file = f\"{file}:{line}\"\n                        meth = frame.get(\"methodName\", \"<anonymous>\")\n                        if \"className\" in frame:\n                            meth = f\"{frame['className']}.{meth}\"\n                        msg = \"    at %s (%s)\"\n                        msg = msg % (meth, file)\n                        stacktrace.append(msg)\n                except TypeError:\n                    pass\n        if exception_class == UnexpectedAlertPresentException:\n            alert_text = None\n            if \"data\" in value:\n                alert_text = value[\"data\"].get(\"text\")\n            elif \"alert\" in value:\n                alert_text = value[\"alert\"].get(\"text\")\n            raise exception_class(message, screen, stacktrace, alert_text)  # type: ignore[call-arg]  # mypy is not smart enough here\n>       raise exception_class(message, screen, stacktrace)\nE       selenium.common.exceptions.ElementClickInterceptedException: Message: Element <p class=\"AppHeader_header__linkText__3q_va ml-2\"> is not clickable at point (1184,44) because another element <div class=\"Modal_modal_overlay__x2ZCr\"> obscures it\nE       Stacktrace:\nE       RemoteError@chrome://remote/content/shared/RemoteError.sys.mjs:8:8\nE       WebDriverError@chrome://remote/content/shared/webdriver/Errors.sys.mjs:193:5\nE       ElementClickInterceptedError@chrome://remote/content/shared/webdriver/Errors.sys.mjs:337:5\nE       webdriverClickElement@chrome://remote/content/marionette/interaction.sys.mjs:176:11\nE       interaction.clickElement@chrome://remote/content/marionette/interaction.sys.mjs:135:11\nE       clickElement@chrome://remote/content/marionette/actors/MarionetteCommandsChild.sys.mjs:204:29\nE       receiveMessage@chrome://remote/content/marionette/actors/MarionetteCommandsChild.sys.mjs:84:31\n\nC:\\Program Files\\Python312\\Lib\\site-packages\\selenium\\webdriver\\remote\\errorhandler.py:229: ElementClickInterceptedException"}, "steps": [{"name": "Шаг авторизации с логином 'bexlst@ya.ru' и паролем 'aqnkyc'", "status": "passed", "steps": [{"name": "Ввод значения в поле \"email\"", "status": "passed", "steps": [{"name": "Вводим значение в поле", "status": "passed", "steps": [{"name": "Находим элемент на странице", "status": "passed", "parameters": [{"name": "locator", "value": "('xpath', './/input[@type=\"text\"]')"}], "start": 1714328813451, "stop": 1714328813477}], "parameters": [{"name": "locator", "value": "('xpath', './/input[@type=\"text\"]')"}, {"name": "value", "value": "'bexlst@ya.ru'"}], "start": 1714328813451, "stop": 1714328813532}], "parameters": [{"name": "email", "value": "'bexlst@ya.ru'"}], "start": 1714328813451, "stop": 1714328813532}, {"name": "Ввод значения в поле \"password\"", "status": "passed", "steps": [{"name": "Вводим значение в поле", "status": "passed", "steps": [{"name": "Находим элемент на странице", "status": "passed", "parameters": [{"name": "locator", "value": "('xpath', './/input[@type=\"password\"]')"}], "start": 1714328813532, "stop": 1714328813542}], "parameters": [{"name": "locator", "value": "('xpath', './/input[@type=\"password\"]')"}, {"name": "value", "value": "'aqnkyc'"}], "start": 1714328813532, "stop": 1714328813554}], "parameters": [{"name": "password", "value": "'aqnkyc'"}], "start": 1714328813532, "stop": 1714328813554}, {"name": "Клик по кнопке \"Войти\"", "status": "passed", "steps": [{"name": "Кликаем по элементу", "status": "passed", "steps": [{"name": "Находим элемент на странице", "status": "passed", "parameters": [{"name": "locator", "value": "('xpath', './/button[text()=\"Войти\"]')"}], "start": 1714328813554, "stop": 1714328813567}], "parameters": [{"name": "locator", "value": "('xpath', './/button[text()=\"Войти\"]')"}], "start": 1714328813554, "stop": 1714328813787}], "start": 1714328813554, "stop": 1714328813787}], "parameters": [{"name": "email", "value": "'bexlst@ya.ru'"}, {"name": "password", "value": "'aqnkyc'"}], "start": 1714328813451, "stop": 1714328813787}, {"name": "Клик по кнопке \"Личный кабинет\"", "status": "broken", "statusDetails": {"message": "selenium.common.exceptions.ElementClickInterceptedException: Message: Element <p class=\"AppHeader_header__linkText__3q_va ml-2\"> is not clickable at point (1184,44) because another element <div class=\"Modal_modal_overlay__x2ZCr\"> obscures it\nStacktrace:\nRemoteError@chrome://remote/content/shared/RemoteError.sys.mjs:8:8\nWebDriverError@chrome://remote/content/shared/webdriver/Errors.sys.mjs:193:5\nElementClickInterceptedError@chrome://remote/content/shared/webdriver/Errors.sys.mjs:337:5\nwebdriverClickElement@chrome://remote/content/marionette/interaction.sys.mjs:176:11\ninteraction.clickElement@chrome://remote/content/marionette/interaction.sys.mjs:135:11\nclickElement@chrome://remote/content/marionette/actors/MarionetteCommandsChild.sys.mjs:204:29\nreceiveMessage@chrome://remote/content/marionette/actors/MarionetteCommandsChild.sys.mjs:84:31\n\n", "trace": "  File \"C:\\Users\\gnom\\AppData\\Roaming\\Python\\Python312\\site-packages\\allure_commons\\_allure.py\", line 192, in impl\n    return func(*a, **kw)\n           ^^^^^^^^^^^^^^\n  File \"D:\\dev\\Diplom_3\\pages\\header_page.py\", line 10, in click_on_btn_personal_account\n    self.click_on_element(HeaderPageLocators.BTN_PERSONAL_ACCOUNT)\n  File \"C:\\Users\\gnom\\AppData\\Roaming\\Python\\Python312\\site-packages\\allure_commons\\_allure.py\", line 192, in impl\n    return func(*a, **kw)\n           ^^^^^^^^^^^^^^\n  File \"D:\\dev\\Diplom_3\\pages\\base_page.py\", line 18, in click_on_element\n    self.find_element_with_wait(locator).click()\n  File \"C:\\Program Files\\Python312\\Lib\\site-packages\\selenium\\webdriver\\remote\\webelement.py\", line 94, in click\n    self._execute(Command.CLICK_ELEMENT)\n  File \"C:\\Program Files\\Python312\\Lib\\site-packages\\selenium\\webdriver\\remote\\webelement.py\", line 395, in _execute\n    return self._parent.execute(command, params)\n           ^^^^^^^^^^^^^^^^^^^^^^^^^^^^^^^^^^^^^\n  File \"C:\\Program Files\\Python312\\Lib\\site-packages\\selenium\\webdriver\\remote\\webdriver.py\", line 347, in execute\n    self.error_handler.check_response(response)\n  File \"C:\\Program Files\\Python312\\Lib\\site-packages\\selenium\\webdriver\\remote\\errorhandler.py\", line 229, in check_response\n    raise exception_class(message, screen, stacktrace)\n"}, "steps": [{"name": "Кликаем по элементу", "status": "broken", "statusDetails": {"message": "selenium.common.exceptions.ElementClickInterceptedException: Message: Element <p class=\"AppHeader_header__linkText__3q_va ml-2\"> is not clickable at point (1184,44) because another element <div class=\"Modal_modal_overlay__x2ZCr\"> obscures it\nStacktrace:\nRemoteError@chrome://remote/content/shared/RemoteError.sys.mjs:8:8\nWebDriverError@chrome://remote/content/shared/webdriver/Errors.sys.mjs:193:5\nElementClickInterceptedError@chrome://remote/content/shared/webdriver/Errors.sys.mjs:337:5\nwebdriverClickElement@chrome://remote/content/marionette/interaction.sys.mjs:176:11\ninteraction.clickElement@chrome://remote/content/marionette/interaction.sys.mjs:135:11\nclickElement@chrome://remote/content/marionette/actors/MarionetteCommandsChild.sys.mjs:204:29\nreceiveMessage@chrome://remote/content/marionette/actors/MarionetteCommandsChild.sys.mjs:84:31\n\n", "trace": "  File \"C:\\Users\\gnom\\AppData\\Roaming\\Python\\Python312\\site-packages\\allure_commons\\_allure.py\", line 192, in impl\n    return func(*a, **kw)\n           ^^^^^^^^^^^^^^\n  File \"D:\\dev\\Diplom_3\\pages\\base_page.py\", line 18, in click_on_element\n    self.find_element_with_wait(locator).click()\n  File \"C:\\Program Files\\Python312\\Lib\\site-packages\\selenium\\webdriver\\remote\\webelement.py\", line 94, in click\n    self._execute(Command.CLICK_ELEMENT)\n  File \"C:\\Program Files\\Python312\\Lib\\site-packages\\selenium\\webdriver\\remote\\webelement.py\", line 395, in _execute\n    return self._parent.execute(command, params)\n           ^^^^^^^^^^^^^^^^^^^^^^^^^^^^^^^^^^^^^\n  File \"C:\\Program Files\\Python312\\Lib\\site-packages\\selenium\\webdriver\\remote\\webdriver.py\", line 347, in execute\n    self.error_handler.check_response(response)\n  File \"C:\\Program Files\\Python312\\Lib\\site-packages\\selenium\\webdriver\\remote\\errorhandler.py\", line 229, in check_response\n    raise exception_class(message, screen, stacktrace)\n"}, "steps": [{"name": "Находим элемент на странице", "status": "passed", "parameters": [{"name": "locator", "value": "('xpath', '//p[text()=\"Личный Кабинет\"]')"}], "start": 1714328813788, "stop": 1714328813830}], "parameters": [{"name": "locator", "value": "('xpath', '//p[text()=\"Личный Кабинет\"]')"}], "start": 1714328813788, "stop": 1714328813838}], "start": 1714328813787, "stop": 1714328813839}], "parameters": [{"name": "driver", "value": "'firefox'"}], "start": 1714328810719, "stop": 1714328813840, "uuid": "c3388747-fd0c-4165-aaa7-7b2fdf78dca7", "historyId": "5dd5c8c28a9fcfa1ee289ee1a7cff3ec", "testCaseId": "276a59300d032acaea5fba7af6e6856d", "fullName": "tests.test_header_page.TestHeaderPage#test_click_on_btn_account_redirects_to_personal_account", "labels": [{"name": "parentSuite", "value": "tests"}, {"name": "suite", "value": "test_header_page"}, {"name": "subSuite", "value": "TestHeaderPage"}, {"name": "host", "value": "WIN-VD1QDI3F4U5"}, {"name": "thread", "value": "12972-MainThread"}, {"name": "framework", "value": "pytest"}, {"name": "language", "value": "cpython3"}, {"name": "package", "value": "tests.test_header_page"}]}